<?xml version="1.0" encoding="UTF-8"?>
<!-- Generated by org.testng.reporters.JUnitReportReporter -->
<testsuite hostname="PureBook-S14" failures="0" tests="2" name="basics.PolymorPhismAlter" time="19.296" errors="0" timestamp="2022-12-14T16:12:49 IST" skipped="0">
  <testcase classname="basics.PolymorPhismAlter" name="lunchApp" time="16.226"/>
  <system-out/>
  <testcase classname="basics.PolymorPhismAlter" name="login" time="3.070"/>
  <system-out/>
</testsuite> <!-- basics.PolymorPhismAlter -->
