<?xml version="1.0" encoding="UTF-8"?>
<!-- Generated by org.testng.reporters.JUnitReportReporter -->
<testsuite hostname="PureBook-S14" failures="0" tests="36" name="basicstestng.EdgeReward" time="50.115" errors="0" timestamp="2023-01-10T12:05:36 IST" skipped="0">
  <testcase classname="basicstestng.EdgeReward" name="RRcollect" time="1.131"/>
  <system-out/>
  <testcase classname="basicstestng.EdgeReward" name="RRcollect" time="1.217"/>
  <system-out/>
  <testcase classname="basicstestng.EdgeReward" name="RRcollect" time="1.322"/>
  <system-out/>
  <testcase classname="basicstestng.EdgeReward" name="RRcollect" time="1.383"/>
  <system-out/>
  <testcase classname="basicstestng.EdgeReward" name="RRcollect" time="1.808"/>
  <system-out/>
  <testcase classname="basicstestng.EdgeReward" name="RRcollect" time="1.217"/>
  <system-out/>
  <testcase classname="basicstestng.EdgeReward" name="RRcollect" time="1.133"/>
  <system-out/>
  <testcase classname="basicstestng.EdgeReward" name="RRcollect" time="1.417"/>
  <system-out/>
  <testcase classname="basicstestng.EdgeReward" name="RRcollect" time="1.115"/>
  <system-out/>
  <testcase classname="basicstestng.EdgeReward" name="RRcollect" time="1.401"/>
  <system-out/>
  <testcase classname="basicstestng.EdgeReward" name="RRcollect" time="1.400"/>
  <system-out/>
  <testcase classname="basicstestng.EdgeReward" name="RRcollect" time="1.580"/>
  <system-out/>
  <testcase classname="basicstestng.EdgeReward" name="RRcollect" time="1.309"/>
  <system-out/>
  <testcase classname="basicstestng.EdgeReward" name="RRcollect" time="1.183"/>
  <system-out/>
  <testcase classname="basicstestng.EdgeReward" name="RRcollect" time="1.129"/>
  <system-out/>
  <testcase classname="basicstestng.EdgeReward" name="RRcollect" time="1.628"/>
  <system-out/>
  <testcase classname="basicstestng.EdgeReward" name="RRcollect" time="1.465"/>
  <system-out/>
  <testcase classname="basicstestng.EdgeReward" name="RRcollect" time="1.217"/>
  <system-out/>
  <testcase classname="basicstestng.EdgeReward" name="RRcollect" time="1.115"/>
  <system-out/>
  <testcase classname="basicstestng.EdgeReward" name="RRcollect" time="1.099"/>
  <system-out/>
  <testcase classname="basicstestng.EdgeReward" name="RRcollect" time="1.227"/>
  <system-out/>
  <testcase classname="basicstestng.EdgeReward" name="RRcollect" time="1.240"/>
  <system-out/>
  <testcase classname="basicstestng.EdgeReward" name="RRcollect" time="1.137"/>
  <system-out/>
  <testcase classname="basicstestng.EdgeReward" name="RRcollect" time="1.191"/>
  <system-out/>
  <testcase classname="basicstestng.EdgeReward" name="RRcollect" time="1.234"/>
  <system-out/>
  <testcase classname="basicstestng.EdgeReward" name="RRcollect" time="1.124"/>
  <system-out/>
  <testcase classname="basicstestng.EdgeReward" name="RRcollect" time="1.184"/>
  <system-out/>
  <testcase classname="basicstestng.EdgeReward" name="RRcollect" time="1.119"/>
  <system-out/>
  <testcase classname="basicstestng.EdgeReward" name="RewardCollection" time="5.396"/>
  <system-out/>
  <testcase classname="basicstestng.EdgeReward" name="RRcollect" time="1.287"/>
  <system-out/>
  <testcase classname="basicstestng.EdgeReward" name="RRcollect" time="1.217"/>
  <system-out/>
  <testcase classname="basicstestng.EdgeReward" name="RRcollect" time="1.118"/>
  <system-out/>
  <testcase classname="basicstestng.EdgeReward" name="RRcollect" time="1.649"/>
  <system-out/>
  <testcase classname="basicstestng.EdgeReward" name="RRcollect" time="1.367"/>
  <system-out/>
  <testcase classname="basicstestng.EdgeReward" name="RRcollect" time="1.193"/>
  <system-out/>
  <testcase classname="basicstestng.EdgeReward" name="RRcollect" time="1.163"/>
  <system-out/>
</testsuite> <!-- basicstestng.EdgeReward -->
