<?xml version="1.0" encoding="UTF-8"?>
<!-- Generated by org.testng.reporters.JUnitReportReporter -->
<testsuite hostname="PureBook-S14" failures="0" tests="1" name="basicstestng.Annotation" time="0.008" errors="0" timestamp="2023-01-02T14:32:25 IST" skipped="0">
  <testcase classname="basicstestng.Annotation" name="test" time="0.008"/>
  <system-out/>
</testsuite> <!-- basicstestng.Annotation -->
