<?xml version="1.0" encoding="UTF-8"?>
<!-- Generated by org.testng.reporters.JUnitReportReporter -->
<testsuite hostname="PureBook-S14" failures="0" tests="2" name="testng.Priority" time="0.012" errors="0" timestamp="2023-01-02T14:35:45 IST" skipped="0">
  <testcase classname="testng.Priority" name="test2" time="0.011"/>
  <system-out/>
  <testcase classname="testng.Priority" name="test1" time="0.001"/>
  <system-out/>
</testsuite> <!-- testng.Priority -->
