<?xml version="1.0" encoding="UTF-8"?>
<!-- Generated by org.testng.reporters.JUnitReportReporter -->
<testsuite hostname="PureBook-S14" failures="0" tests="10" name="testng.Youtube" time="75.033" errors="0" timestamp="2023-02-24T09:34:40 IST" skipped="0">
  <testcase classname="testng.Youtube" name="run" time="4.068"/>
  <system-out/>
  <testcase classname="testng.Youtube" name="run" time="10.468"/>
  <system-out/>
  <testcase classname="testng.Youtube" name="run" time="8.481"/>
  <system-out/>
  <testcase classname="testng.Youtube" name="run" time="4.638"/>
  <system-out/>
  <testcase classname="testng.Youtube" name="run" time="4.548"/>
  <system-out/>
  <testcase classname="testng.Youtube" name="run" time="4.796"/>
  <system-out/>
  <testcase classname="testng.Youtube" name="run" time="9.727"/>
  <system-out/>
  <testcase classname="testng.Youtube" name="run" time="11.165"/>
  <system-out/>
  <testcase classname="testng.Youtube" name="run" time="6.633"/>
  <system-out/>
  <testcase classname="testng.Youtube" name="run" time="10.509"/>
  <system-out/>
</testsuite> <!-- testng.Youtube -->
