<?xml version="1.0" encoding="UTF-8"?>
<!-- Generated by org.testng.reporters.JUnitReportReporter -->
<testsuite hostname="PureBook-S14" failures="0" tests="1" name="basics.RunTimePolymorphism" time="11.839" errors="0" timestamp="2022-12-15T17:30:49 IST" skipped="0">
  <testcase classname="basics.RunTimePolymorphism" name="Polymorphism" time="11.839"/>
  <system-out/>
</testsuite> <!-- basics.RunTimePolymorphism -->
