<?xml version="1.0" encoding="UTF-8"?>
<!-- Generated by org.testng.reporters.JUnitReportReporter -->
<testsuite hostname="PureBook-S14" failures="0" tests="2" name="testng.B" time="0.007" errors="0" timestamp="2023-01-04T14:25:45 IST" skipped="0">
  <testcase classname="testng.B" name="test4" time="0.001"/>
  <system-out/>
  <testcase classname="testng.B" name="test3" time="0.006"/>
  <system-out/>
</testsuite> <!-- testng.B -->
