<?xml version="1.0" encoding="UTF-8"?>
<!-- Generated by org.testng.reporters.JUnitReportReporter -->
<testsuite hostname="PureBook-S14" failures="0" tests="2" name="basics.Alter" time="24.215" errors="0" timestamp="2022-12-14T11:17:50 IST" skipped="0">
  <testcase classname="basics.Alter" name="lunchApp" time="21.137"/>
  <system-out/>
  <testcase classname="basics.Alter" name="login" time="3.078"/>
  <system-out/>
</testsuite> <!-- basics.Alter -->
