<?xml version="1.0" encoding="UTF-8"?>
<!-- Generated by org.testng.reporters.JUnitReportReporter -->
<testsuite hostname="PureBook-S14" failures="0" tests="3" name="basicstestng.WebDriverMethod" time="1.792" errors="0" timestamp="2022-12-24T22:41:39 IST" skipped="1">
  <testcase classname="basicstestng.WebDriverMethod" name="c" time="1.783"/>
  <system-out/>
  <testcase classname="basicstestng.WebDriverMethod" name="b" time="0.009"/>
  <system-out/>
  <testcase classname="basicstestng.WebDriverMethod" name="a">
    <skipped/>
  </testcase> <!-- a -->
  <system-out/>
</testsuite> <!-- basicstestng.WebDriverMethod -->
