<?xml version="1.0" encoding="UTF-8"?>
<!-- Generated by org.testng.reporters.JUnitReportReporter -->
<testsuite hostname="PureBook-S14" failures="0" tests="147" name="basicstestng.ChromeReward" time="610.165" errors="0" timestamp="2023-01-12T13:38:23 IST" skipped="0">
  <testcase classname="basicstestng.ChromeReward" name="RRcollect" time="3.485"/>
  <system-out/>
  <testcase classname="basicstestng.ChromeReward" name="RRcollect" time="4.824"/>
  <system-out/>
  <testcase classname="basicstestng.ChromeReward" name="RRcollect" time="4.197"/>
  <system-out/>
  <testcase classname="basicstestng.ChromeReward" name="RRcollect" time="4.600"/>
  <system-out/>
  <testcase classname="basicstestng.ChromeReward" name="RRcollect" time="1.506"/>
  <system-out/>
  <testcase classname="basicstestng.ChromeReward" name="RRcollect" time="6.325"/>
  <system-out/>
  <testcase classname="basicstestng.ChromeReward" name="RRcollect" time="2.696"/>
  <system-out/>
  <testcase classname="basicstestng.ChromeReward" name="RRcollect" time="3.406"/>
  <system-out/>
  <testcase classname="basicstestng.ChromeReward" name="RRcollect" time="11.553"/>
  <system-out/>
  <testcase classname="basicstestng.ChromeReward" name="RRcollect" time="2.887"/>
  <system-out/>
  <testcase classname="basicstestng.ChromeReward" name="RRcollect" time="3.403"/>
  <system-out/>
  <testcase classname="basicstestng.ChromeReward" name="RRcollect" time="4.394"/>
  <system-out/>
  <testcase classname="basicstestng.ChromeReward" name="RRcollect" time="2.364"/>
  <system-out/>
  <testcase classname="basicstestng.ChromeReward" name="RRcollect" time="3.627"/>
  <system-out/>
  <testcase classname="basicstestng.ChromeReward" name="RRcollect" time="1.439"/>
  <system-out/>
  <testcase classname="basicstestng.ChromeReward" name="RRcollect" time="2.240"/>
  <system-out/>
  <testcase classname="basicstestng.ChromeReward" name="RRcollect" time="2.259"/>
  <system-out/>
  <testcase classname="basicstestng.ChromeReward" name="RRcollect" time="2.841"/>
  <system-out/>
  <testcase classname="basicstestng.ChromeReward" name="RRcollect" time="2.339"/>
  <system-out/>
  <testcase classname="basicstestng.ChromeReward" name="RRcollect" time="2.150"/>
  <system-out/>
  <testcase classname="basicstestng.ChromeReward" name="RRcollect" time="2.577"/>
  <system-out/>
  <testcase classname="basicstestng.ChromeReward" name="RRcollect" time="2.854"/>
  <system-out/>
  <testcase classname="basicstestng.ChromeReward" name="RewardCollection" time="23.351"/>
  <system-out/>
  <testcase classname="basicstestng.ChromeReward" name="RRcollect" time="2.130"/>
  <system-out/>
  <testcase classname="basicstestng.ChromeReward" name="RRcollect" time="2.410"/>
  <system-out/>
  <testcase classname="basicstestng.ChromeReward" name="RRcollect" time="2.085"/>
  <system-out/>
  <testcase classname="basicstestng.ChromeReward" name="RRcollect" time="2.459"/>
  <system-out/>
  <testcase classname="basicstestng.ChromeReward" name="RRcollect" time="2.155"/>
  <system-out/>
  <testcase classname="basicstestng.ChromeReward" name="RRcollect" time="2.962"/>
  <system-out/>
  <testcase classname="basicstestng.ChromeReward" name="RRcollect" time="1.983"/>
  <system-out/>
  <testcase classname="basicstestng.ChromeReward" name="RRcollect" time="3.702"/>
  <system-out/>
  <testcase classname="basicstestng.ChromeReward" name="RRcollect" time="3.157"/>
  <system-out/>
  <testcase classname="basicstestng.ChromeReward" name="RRcollect" time="2.686"/>
  <system-out/>
  <testcase classname="basicstestng.ChromeReward" name="RRcollect" time="2.801"/>
  <system-out/>
  <testcase classname="basicstestng.ChromeReward" name="RRcollect" time="4.936"/>
  <system-out/>
  <testcase classname="basicstestng.ChromeReward" name="RRcollect" time="2.692"/>
  <system-out/>
  <testcase classname="basicstestng.ChromeReward" name="RRcollect" time="1.870"/>
  <system-out/>
  <testcase classname="basicstestng.ChromeReward" name="RRcollect" time="1.731"/>
  <system-out/>
  <testcase classname="basicstestng.ChromeReward" name="RRcollect" time="2.092"/>
  <system-out/>
  <testcase classname="basicstestng.ChromeReward" name="RRcollect" time="3.532"/>
  <system-out/>
  <testcase classname="basicstestng.ChromeReward" name="RRcollect" time="2.631"/>
  <system-out/>
  <testcase classname="basicstestng.ChromeReward" name="RRcollect" time="2.311"/>
  <system-out/>
  <testcase classname="basicstestng.ChromeReward" name="RRcollect" time="2.765"/>
  <system-out/>
  <testcase classname="basicstestng.ChromeReward" name="RRcollect" time="2.334"/>
  <system-out/>
  <testcase classname="basicstestng.ChromeReward" name="RRcollect" time="2.029"/>
  <system-out/>
  <testcase classname="basicstestng.ChromeReward" name="RRcollect" time="1.820"/>
  <system-out/>
  <testcase classname="basicstestng.ChromeReward" name="RRcollect" time="2.489"/>
  <system-out/>
  <testcase classname="basicstestng.ChromeReward" name="RRcollect" time="3.342"/>
  <system-out/>
  <testcase classname="basicstestng.ChromeReward" name="RRcollect" time="2.182"/>
  <system-out/>
  <testcase classname="basicstestng.ChromeReward" name="RRcollect" time="2.277"/>
  <system-out/>
  <testcase classname="basicstestng.ChromeReward" name="RRcollect" time="4.386"/>
  <system-out/>
  <testcase classname="basicstestng.ChromeReward" name="RRcollect" time="3.827"/>
  <system-out/>
  <testcase classname="basicstestng.ChromeReward" name="RRcollect" time="1.994"/>
  <system-out/>
  <testcase classname="basicstestng.ChromeReward" name="RRcollect" time="2.790"/>
  <system-out/>
  <testcase classname="basicstestng.ChromeReward" name="RRcollect" time="2.449"/>
  <system-out/>
  <testcase classname="basicstestng.ChromeReward" name="RRcollect" time="1.884"/>
  <system-out/>
  <testcase classname="basicstestng.ChromeReward" name="RRcollect" time="2.682"/>
  <system-out/>
  <testcase classname="basicstestng.ChromeReward" name="RRcollect" time="2.259"/>
  <system-out/>
  <testcase classname="basicstestng.ChromeReward" name="RRcollect" time="2.595"/>
  <system-out/>
  <testcase classname="basicstestng.ChromeReward" name="RRcollect" time="1.869"/>
  <system-out/>
  <testcase classname="basicstestng.ChromeReward" name="RewardCollection" time="19.339"/>
  <system-out/>
  <testcase classname="basicstestng.ChromeReward" name="RRcollect" time="4.352"/>
  <system-out/>
  <testcase classname="basicstestng.ChromeReward" name="RewardCollection" time="45.425"/>
  <system-out/>
  <testcase classname="basicstestng.ChromeReward" name="RewardCollection" time="24.365"/>
  <system-out/>
  <testcase classname="basicstestng.ChromeReward" name="RRcollect" time="2.121"/>
  <system-out/>
  <testcase classname="basicstestng.ChromeReward" name="RRcollect" time="2.025"/>
  <system-out/>
  <testcase classname="basicstestng.ChromeReward" name="RRcollect" time="2.331"/>
  <system-out/>
  <testcase classname="basicstestng.ChromeReward" name="RRcollect" time="2.590"/>
  <system-out/>
  <testcase classname="basicstestng.ChromeReward" name="RRcollect" time="2.718"/>
  <system-out/>
  <testcase classname="basicstestng.ChromeReward" name="RRcollect" time="4.806"/>
  <system-out/>
  <testcase classname="basicstestng.ChromeReward" name="RRcollect" time="2.164"/>
  <system-out/>
  <testcase classname="basicstestng.ChromeReward" name="RRcollect" time="2.761"/>
  <system-out/>
  <testcase classname="basicstestng.ChromeReward" name="RRcollect" time="2.210"/>
  <system-out/>
  <testcase classname="basicstestng.ChromeReward" name="RRcollect" time="1.893"/>
  <system-out/>
  <testcase classname="basicstestng.ChromeReward" name="RRcollect" time="1.847"/>
  <system-out/>
  <testcase classname="basicstestng.ChromeReward" name="RewardCollection" time="30.926"/>
  <system-out/>
  <testcase classname="basicstestng.ChromeReward" name="RRcollect" time="2.595"/>
  <system-out/>
  <testcase classname="basicstestng.ChromeReward" name="RRcollect" time="2.315"/>
  <system-out/>
  <testcase classname="basicstestng.ChromeReward" name="RewardCollection" time="30.468"/>
  <system-out/>
  <testcase classname="basicstestng.ChromeReward" name="RRcollect" time="1.828"/>
  <system-out/>
  <testcase classname="basicstestng.ChromeReward" name="RRcollect" time="2.305"/>
  <system-out/>
  <testcase classname="basicstestng.ChromeReward" name="RRcollect" time="2.535"/>
  <system-out/>
  <testcase classname="basicstestng.ChromeReward" name="RRcollect" time="4.267"/>
  <system-out/>
  <testcase classname="basicstestng.ChromeReward" name="RRcollect" time="1.980"/>
  <system-out/>
  <testcase classname="basicstestng.ChromeReward" name="RRcollect" time="1.526"/>
  <system-out/>
  <testcase classname="basicstestng.ChromeReward" name="RRcollect" time="2.235"/>
  <system-out/>
  <testcase classname="basicstestng.ChromeReward" name="RRcollect" time="3.614"/>
  <system-out/>
  <testcase classname="basicstestng.ChromeReward" name="RRcollect" time="2.556"/>
  <system-out/>
  <testcase classname="basicstestng.ChromeReward" name="RRcollect" time="2.514"/>
  <system-out/>
  <testcase classname="basicstestng.ChromeReward" name="RRcollect" time="3.333"/>
  <system-out/>
  <testcase classname="basicstestng.ChromeReward" name="RRcollect" time="2.240"/>
  <system-out/>
  <testcase classname="basicstestng.ChromeReward" name="RRcollect" time="3.108"/>
  <system-out/>
  <testcase classname="basicstestng.ChromeReward" name="RRcollect" time="3.497"/>
  <system-out/>
  <testcase classname="basicstestng.ChromeReward" name="RRcollect" time="11.166"/>
  <system-out/>
  <testcase classname="basicstestng.ChromeReward" name="RRcollect" time="2.573"/>
  <system-out/>
  <testcase classname="basicstestng.ChromeReward" name="RRcollect" time="2.698"/>
  <system-out/>
  <testcase classname="basicstestng.ChromeReward" name="RRcollect" time="2.751"/>
  <system-out/>
  <testcase classname="basicstestng.ChromeReward" name="RRcollect" time="3.397"/>
  <system-out/>
  <testcase classname="basicstestng.ChromeReward" name="RRcollect" time="2.063"/>
  <system-out/>
  <testcase classname="basicstestng.ChromeReward" name="RewardCollection" time="30.997"/>
  <system-out/>
  <testcase classname="basicstestng.ChromeReward" name="RRcollect" time="2.757"/>
  <system-out/>
  <testcase classname="basicstestng.ChromeReward" name="RRcollect" time="2.444"/>
  <system-out/>
  <testcase classname="basicstestng.ChromeReward" name="RRcollect" time="2.936"/>
  <system-out/>
  <testcase classname="basicstestng.ChromeReward" name="RRcollect" time="2.267"/>
  <system-out/>
  <testcase classname="basicstestng.ChromeReward" name="RRcollect" time="2.130"/>
  <system-out/>
  <testcase classname="basicstestng.ChromeReward" name="RRcollect" time="2.695"/>
  <system-out/>
  <testcase classname="basicstestng.ChromeReward" name="RRcollect" time="3.060"/>
  <system-out/>
  <testcase classname="basicstestng.ChromeReward" name="RRcollect" time="2.352"/>
  <system-out/>
  <testcase classname="basicstestng.ChromeReward" name="RRcollect" time="2.413"/>
  <system-out/>
  <testcase classname="basicstestng.ChromeReward" name="RRcollect" time="3.206"/>
  <system-out/>
  <testcase classname="basicstestng.ChromeReward" name="RRcollect" time="4.498"/>
  <system-out/>
  <testcase classname="basicstestng.ChromeReward" name="RRcollect" time="1.944"/>
  <system-out/>
  <testcase classname="basicstestng.ChromeReward" name="RRcollect" time="3.835"/>
  <system-out/>
  <testcase classname="basicstestng.ChromeReward" name="RRcollect" time="1.156"/>
  <system-out/>
  <testcase classname="basicstestng.ChromeReward" name="RRcollect" time="3.463"/>
  <system-out/>
  <testcase classname="basicstestng.ChromeReward" name="RRcollect" time="2.407"/>
  <system-out/>
  <testcase classname="basicstestng.ChromeReward" name="RRcollect" time="5.522"/>
  <system-out/>
  <testcase classname="basicstestng.ChromeReward" name="RRcollect" time="4.212"/>
  <system-out/>
  <testcase classname="basicstestng.ChromeReward" name="RRcollect" time="1.238"/>
  <system-out/>
  <testcase classname="basicstestng.ChromeReward" name="RRcollect" time="2.189"/>
  <system-out/>
  <testcase classname="basicstestng.ChromeReward" name="RRcollect" time="2.916"/>
  <system-out/>
  <testcase classname="basicstestng.ChromeReward" name="RRcollect" time="3.249"/>
  <system-out/>
  <testcase classname="basicstestng.ChromeReward" name="RRcollect" time="3.108"/>
  <system-out/>
  <testcase classname="basicstestng.ChromeReward" name="RRcollect" time="3.011"/>
  <system-out/>
  <testcase classname="basicstestng.ChromeReward" name="RRcollect" time="3.824"/>
  <system-out/>
  <testcase classname="basicstestng.ChromeReward" name="RRcollect" time="1.193"/>
  <system-out/>
  <testcase classname="basicstestng.ChromeReward" name="RRcollect" time="2.072"/>
  <system-out/>
  <testcase classname="basicstestng.ChromeReward" name="RRcollect" time="2.253"/>
  <system-out/>
  <testcase classname="basicstestng.ChromeReward" name="RRcollect" time="2.302"/>
  <system-out/>
  <testcase classname="basicstestng.ChromeReward" name="RRcollect" time="3.010"/>
  <system-out/>
  <testcase classname="basicstestng.ChromeReward" name="RRcollect" time="1.993"/>
  <system-out/>
  <testcase classname="basicstestng.ChromeReward" name="RRcollect" time="3.030"/>
  <system-out/>
  <testcase classname="basicstestng.ChromeReward" name="RRcollect" time="3.870"/>
  <system-out/>
  <testcase classname="basicstestng.ChromeReward" name="RRcollect" time="2.502"/>
  <system-out/>
  <testcase classname="basicstestng.ChromeReward" name="RRcollect" time="4.580"/>
  <system-out/>
  <testcase classname="basicstestng.ChromeReward" name="RRcollect" time="1.956"/>
  <system-out/>
  <testcase classname="basicstestng.ChromeReward" name="RRcollect" time="3.283"/>
  <system-out/>
  <testcase classname="basicstestng.ChromeReward" name="RRcollect" time="3.070"/>
  <system-out/>
  <testcase classname="basicstestng.ChromeReward" name="RRcollect" time="3.232"/>
  <system-out/>
  <testcase classname="basicstestng.ChromeReward" name="RRcollect" time="2.277"/>
  <system-out/>
  <testcase classname="basicstestng.ChromeReward" name="RRcollect" time="2.044"/>
  <system-out/>
  <testcase classname="basicstestng.ChromeReward" name="RRcollect" time="2.764"/>
  <system-out/>
  <testcase classname="basicstestng.ChromeReward" name="RRcollect" time="3.616"/>
  <system-out/>
  <testcase classname="basicstestng.ChromeReward" name="RRcollect" time="4.634"/>
  <system-out/>
  <testcase classname="basicstestng.ChromeReward" name="RRcollect" time="1.318"/>
  <system-out/>
  <testcase classname="basicstestng.ChromeReward" name="RRcollect" time="1.966"/>
  <system-out/>
  <testcase classname="basicstestng.ChromeReward" name="RRcollect" time="2.319"/>
  <system-out/>
</testsuite> <!-- basicstestng.ChromeReward -->
