<?xml version="1.0" encoding="UTF-8"?>
<!-- Generated by org.testng.reporters.JUnitReportReporter -->
<testsuite hostname="PureBook-S14" failures="0" tests="2" name="testng.A" time="0.002" errors="0" timestamp="2023-01-04T14:25:45 IST" skipped="0">
  <testcase classname="testng.A" name="test1" time="0.001"/>
  <system-out/>
  <testcase classname="testng.A" name="test2" time="0.001"/>
  <system-out/>
</testsuite> <!-- testng.A -->
