<?xml version="1.0" encoding="UTF-8"?>
<!-- Generated by org.testng.reporters.JUnitReportReporter -->
<testsuite hostname="PureBook-S14" failures="0" tests="1" name="basics.Basics" time="3.117" errors="0" timestamp="2022-12-12T11:49:44 IST" skipped="0">
  <testcase classname="basics.Basics" name="lunchApp" time="3.117"/>
  <system-out/>
</testsuite> <!-- basics.Basics -->
