<?xml version="1.0" encoding="UTF-8"?>
<!-- Generated by org.testng.reporters.JUnitReportReporter -->
<testsuite hostname="PureBook-S14" failures="0" tests="1" name="basics.RunTimePolymerphisim" time="26.183" errors="0" timestamp="2022-12-14T01:17:27 IST" skipped="0">
  <testcase classname="basics.RunTimePolymerphisim" name="PolymerPhiSim" time="26.183"/>
  <system-out/>
</testsuite> <!-- basics.RunTimePolymerphisim -->
